--- Job mod_template.gms Start 04/24/23 16:49:41 42.2.0 ef14ea53 WEX-WEI x86 64bit/MS Windows
--- Applying:
    C:\GAMS\42\gmsprmNT.txt
--- GAMS Parameters defined
    Input C:\Users\modin\Desktop\Ettore\UNIVERSITA\ECC_GAMS\PROJECT\WITCH\witchmodel\modules\mod_template.gms
    PageSize 0
    ScrDir C:\Users\modin\Desktop\Ettore\UNIVERSITA\ECC_GAMS\PROJECT\WITCH\witchmodel\modules\225a\
    SysDir C:\GAMS\42\
    LogOption 3
    ErrMsg 1
    ErrorLog 99
    IDE 1
    LstTitleLeftAligned 1
    --nameout prova1lit
Licensee: Course License                                 S230216|0002AO-GEN
          Fondazione CMCC, Complesso Ecotekne                       DCE1910
          C:\GAMS\42\gamslice.txt
          License Admin: Massimo Tavoni, massimo.tavoni@polimi.it          
          Course license for use within the course and related course work
Processor information: 1 socket(s), 2 core(s), and 4 thread(s) available
GAMS 42.2.0   Copyright (C) 1987-2023 GAMS Development. All rights reserved
--- Starting compilation
--- mod_template.gms(6) 2 Mb
--- Starting execution - empty program
*** Status: Normal completion
--- Job mod_template.gms Stop 04/24/23 16:49:41 elapsed 0:00:00.032
